This is pdfTeX, Version 3.1415926-1.40.10 (TeX Live 2009/Debian) (format=latex 2012.2.3)  2 APR 2012 20:29
entering extended mode
 %&-line parsing enabled.
**_formulas.tex
(./_formulas.tex
LaTeX2e <2009/09/24>
Babel <v3.8l> and hyphenation patterns for english, usenglishmax, dumylang, noh
yphenation, french, basque, loaded.

(/usr/share/texmf-texlive/tex/latex/base/article.cls
Document Class: article 2007/10/19 v1.4h Standard LaTeX document class
(/usr/share/texmf-texlive/tex/latex/base/size10.clo
File: size10.clo 2007/10/19 v1.4h Standard LaTeX file (size option)
)
\c@part=\count79
\c@section=\count80
\c@subsection=\count81
\c@subsubsection=\count82
\c@paragraph=\count83
\c@subparagraph=\count84
\c@figure=\count85
\c@table=\count86
\abovecaptionskip=\skip41
\belowcaptionskip=\skip42
\bibindent=\dimen102
) (/usr/share/texmf-texlive/tex/latex/graphics/epsfig.sty
Package: epsfig 1999/02/16 v1.7a (e)psfig emulation (SPQR)
(/usr/share/texmf-texlive/tex/latex/graphics/graphicx.sty
Package: graphicx 1999/02/16 v1.0f Enhanced LaTeX Graphics (DPC,SPQR)
(/usr/share/texmf-texlive/tex/latex/graphics/keyval.sty
Package: keyval 1999/03/16 v1.13 key=value parser (DPC)
\KV@toks@=\toks14
) (/usr/share/texmf-texlive/tex/latex/graphics/graphics.sty
Package: graphics 2009/02/05 v1.0o Standard LaTeX Graphics (DPC,SPQR)
(/usr/share/texmf-texlive/tex/latex/graphics/trig.sty
Package: trig 1999/03/16 v1.09 sin cos tan (DPC)
) (/etc/texmf/tex/latex/config/graphics.cfg
File: graphics.cfg 2009/08/28 v1.8 graphics configuration of TeX Live
)
Package graphics Info: Driver file: dvips.def on input line 91.
(/usr/share/texmf-texlive/tex/latex/graphics/dvips.def
File: dvips.def 1999/02/16 v3.0i Driver-dependant file (DPC,SPQR)
))
\Gin@req@height=\dimen103
\Gin@req@width=\dimen104
)
\epsfxsize=\dimen105
\epsfysize=\dimen106
) (./_formulas.aux)
\openout1 = `_formulas.aux'.

LaTeX Font Info:    Checking defaults for OML/cmm/m/it on input line 5.
LaTeX Font Info:    ... okay on input line 5.
LaTeX Font Info:    Checking defaults for T1/cmr/m/n on input line 5.
LaTeX Font Info:    ... okay on input line 5.
LaTeX Font Info:    Checking defaults for OT1/cmr/m/n on input line 5.
LaTeX Font Info:    ... okay on input line 5.
LaTeX Font Info:    Checking defaults for OMS/cmsy/m/n on input line 5.
LaTeX Font Info:    ... okay on input line 5.
LaTeX Font Info:    Checking defaults for OMX/cmex/m/n on input line 5.
LaTeX Font Info:    ... okay on input line 5.
LaTeX Font Info:    Checking defaults for U/cmr/m/n on input line 5.
LaTeX Font Info:    ... okay on input line 5.
LaTeX Font Info:    External font `cmex10' loaded for size
(Font)              <7> on input line 6.
LaTeX Font Info:    External font `cmex10' loaded for size
(Font)              <5> on input line 6.
! Missing } inserted.
<inserted text> 
                }
l.6 \[ w(k) = \left \{ \begin{matrix} \frac
                                           {I_0(\beta \sqrt{1 - (2k/N-1)^2})...
I've put in what seems to be necessary to fix
the current column of the current alignment.
Try to go on, since this might almost work.

! Extra }, or forgotten \endgroup.
<inserted text> }
                 
l.6 \[ w(k) = \left \{ \begin{matrix} \frac
                                           {I_0(\beta \sqrt{1 - (2k/N-1)^2})...
I've deleted a group-closing symbol because it seems to be
spurious, as in `$x}$'. But perhaps the } is legitimate and
you forgot something else, as in `\hbox{$x}'. In such cases
the way to recover is to insert both the forgotten and the
deleted material, e.g., by typing `I$}'.

! Missing } inserted.
<inserted text> 
                }
l.6 \[ w(k) = \left \{ \begin{matrix} \frac
                                           {I_0(\beta \sqrt{1 - (2k/N-1)^2})...
I've put in what seems to be necessary to fix
the current column of the current alignment.
Try to go on, since this might almost work.

! Extra }, or forgotten \endgroup.
<inserted text> }
                 
l.6 \[ w(k) = \left \{ \begin{matrix} \frac
                                           {I_0(\beta \sqrt{1 - (2k/N-1)^2})...
I've deleted a group-closing symbol because it seems to be
spurious, as in `$x}$'. But perhaps the } is legitimate and
you forgot something else, as in `\hbox{$x}'. In such cases
the way to recover is to insert both the forgotten and the
deleted material, e.g., by typing `I$}'.

! Missing } inserted.
<inserted text> 
                }
l.6 \[ w(k) = \left \{ \begin{matrix} \frac
                                           {I_0(\beta \sqrt{1 - (2k/N-1)^2})...
I've put in what seems to be necessary to fix
the current column of the current alignment.
Try to go on, since this might almost work.

! Extra }, or forgotten \endgroup.
<inserted text> }
                 
l.6 \[ w(k) = \left \{ \begin{matrix} \frac
                                           {I_0(\beta \sqrt{1 - (2k/N-1)^2})...
I've deleted a group-closing symbol because it seems to be
spurious, as in `$x}$'. But perhaps the } is legitimate and
you forgot something else, as in `\hbox{$x}'. In such cases
the way to recover is to insert both the forgotten and the
deleted material, e.g., by typing `I$}'.

! Missing } inserted.
<inserted text> 
                }
l.6 \[ w(k) = \left \{ \begin{matrix} \frac
                                           {I_0(\beta \sqrt{1 - (2k/N-1)^2})...
I've put in what seems to be necessary to fix
the current column of the current alignment.
Try to go on, since this might almost work.

! Extra }, or forgotten \endgroup.
<inserted text> }
                 
l.6 \[ w(k) = \left \{ \begin{matrix} \frac
                                           {I_0(\beta \sqrt{1 - (2k/N-1)^2})...
I've deleted a group-closing symbol because it seems to be
spurious, as in `$x}$'. But perhaps the } is legitimate and
you forgot something else, as in `\hbox{$x}'. In such cases
the way to recover is to insert both the forgotten and the
deleted material, e.g., by typing `I$}'.

! Missing } inserted.
<inserted text> 
                }
l.6 \[ w(k) = \left \{ \begin{matrix} \frac
                                           {I_0(\beta \sqrt{1 - (2k/N-1)^2})...
I've put in what seems to be necessary to fix
the current column of the current alignment.
Try to go on, since this might almost work.

! Extra }, or forgotten \endgroup.
<inserted text> }
                 
l.6 \[ w(k) = \left \{ \begin{matrix} \frac
                                           {I_0(\beta \sqrt{1 - (2k/N-1)^2})...
I've deleted a group-closing symbol because it seems to be
spurious, as in `$x}$'. But perhaps the } is legitimate and
you forgot something else, as in `\hbox{$x}'. In such cases
the way to recover is to insert both the forgotten and the
deleted material, e.g., by typing `I$}'.

! Missing } inserted.
<inserted text> 
                }
l.6 \[ w(k) = \left \{ \begin{matrix} \frac
                                           {I_0(\beta \sqrt{1 - (2k/N-1)^2})...
I've put in what seems to be necessary to fix
the current column of the current alignment.
Try to go on, since this might almost work.

! Extra }, or forgotten \endgroup.
<inserted text> }
                 
l.6 \[ w(k) = \left \{ \begin{matrix} \frac
                                           {I_0(\beta \sqrt{1 - (2k/N-1)^2})...
I've deleted a group-closing symbol because it seems to be
spurious, as in `$x}$'. But perhaps the } is legitimate and
you forgot something else, as in `\hbox{$x}'. In such cases
the way to recover is to insert both the forgotten and the
deleted material, e.g., by typing `I$}'.

! Missing } inserted.
<inserted text> 
                }
l.6 \[ w(k) = \left \{ \begin{matrix} \frac
                                           {I_0(\beta \sqrt{1 - (2k/N-1)^2})...
I've put in what seems to be necessary to fix
the current column of the current alignment.
Try to go on, since this might almost work.

! Extra }, or forgotten \endgroup.
<inserted text> }
                 
l.6 \[ w(k) = \left \{ \begin{matrix} \frac
                                           {I_0(\beta \sqrt{1 - (2k/N-1)^2})...
I've deleted a group-closing symbol because it seems to be
spurious, as in `$x}$'. But perhaps the } is legitimate and
you forgot something else, as in `\hbox{$x}'. In such cases
the way to recover is to insert both the forgotten and the
deleted material, e.g., by typing `I$}'.

! Missing } inserted.
<inserted text> 
                }
l.6 \[ w(k) = \left \{ \begin{matrix} \frac
                                           {I_0(\beta \sqrt{1 - (2k/N-1)^2})...
I've put in what seems to be necessary to fix
the current column of the current alignment.
Try to go on, since this might almost work.

! Extra }, or forgotten \endgroup.
<inserted text> }
                 
l.6 \[ w(k) = \left \{ \begin{matrix} \frac
                                           {I_0(\beta \sqrt{1 - (2k/N-1)^2})...
I've deleted a group-closing symbol because it seems to be
spurious, as in `$x}$'. But perhaps the } is legitimate and
you forgot something else, as in `\hbox{$x}'. In such cases
the way to recover is to insert both the forgotten and the
deleted material, e.g., by typing `I$}'.

! Missing } inserted.
<inserted text> 
                }
l.6 \[ w(k) = \left \{ \begin{matrix} \frac
                                           {I_0(\beta \sqrt{1 - (2k/N-1)^2})...
I've put in what seems to be necessary to fix
the current column of the current alignment.
Try to go on, since this might almost work.

! Extra }, or forgotten \endgroup.
<inserted text> }
                 
l.6 \[ w(k) = \left \{ \begin{matrix} \frac
                                           {I_0(\beta \sqrt{1 - (2k/N-1)^2})...
I've deleted a group-closing symbol because it seems to be
spurious, as in `$x}$'. But perhaps the } is legitimate and
you forgot something else, as in `\hbox{$x}'. In such cases
the way to recover is to insert both the forgotten and the
deleted material, e.g., by typing `I$}'.

! Missing } inserted.
<inserted text> 
                }
l.6 \[ w(k) = \left \{ \begin{matrix} \frac
                                           {I_0(\beta \sqrt{1 - (2k/N-1)^2})...
I've put in what seems to be necessary to fix
the current column of the current alignment.
Try to go on, since this might almost work.

! Extra }, or forgotten \endgroup.
<inserted text> }
                 
l.6 \[ w(k) = \left \{ \begin{matrix} \frac
                                           {I_0(\beta \sqrt{1 - (2k/N-1)^2})...
I've deleted a group-closing symbol because it seems to be
spurious, as in `$x}$'. But perhaps the } is legitimate and
you forgot something else, as in `\hbox{$x}'. In such cases
the way to recover is to insert both the forgotten and the
deleted material, e.g., by typing `I$}'.

! Missing } inserted.
<inserted text> 
                }
l.6 \[ w(k) = \left \{ \begin{matrix} \frac
                                           {I_0(\beta \sqrt{1 - (2k/N-1)^2})...
I've put in what seems to be necessary to fix
the current column of the current alignment.
Try to go on, since this might almost work.

! Extra }, or forgotten \endgroup.
<inserted text> }
                 
l.6 \[ w(k) = \left \{ \begin{matrix} \frac
                                           {I_0(\beta \sqrt{1 - (2k/N-1)^2})...
I've deleted a group-closing symbol because it seems to be
spurious, as in `$x}$'. But perhaps the } is legitimate and
you forgot something else, as in `\hbox{$x}'. In such cases
the way to recover is to insert both the forgotten and the
deleted material, e.g., by typing `I$}'.

! Missing } inserted.
<inserted text> 
                }
l.6 \[ w(k) = \left \{ \begin{matrix} \frac
                                           {I_0(\beta \sqrt{1 - (2k/N-1)^2})...
I've put in what seems to be necessary to fix
the current column of the current alignment.
Try to go on, since this might almost work.

! Extra }, or forgotten \endgroup.
<inserted text> }
                 
l.6 \[ w(k) = \left \{ \begin{matrix} \frac
                                           {I_0(\beta \sqrt{1 - (2k/N-1)^2})...
I've deleted a group-closing symbol because it seems to be
spurious, as in `$x}$'. But perhaps the } is legitimate and
you forgot something else, as in `\hbox{$x}'. In such cases
the way to recover is to insert both the forgotten and the
deleted material, e.g., by typing `I$}'.

! Missing } inserted.
<inserted text> 
                }
l.6 \[ w(k) = \left \{ \begin{matrix} \frac
                                           {I_0(\beta \sqrt{1 - (2k/N-1)^2})...
I've put in what seems to be necessary to fix
the current column of the current alignment.
Try to go on, since this might almost work.

! Extra }, or forgotten \endgroup.
<inserted text> }
                 
l.6 \[ w(k) = \left \{ \begin{matrix} \frac
                                           {I_0(\beta \sqrt{1 - (2k/N-1)^2})...
I've deleted a group-closing symbol because it seems to be
spurious, as in `$x}$'. But perhaps the } is legitimate and
you forgot something else, as in `\hbox{$x}'. In such cases
the way to recover is to insert both the forgotten and the
deleted material, e.g., by typing `I$}'.

! Missing } inserted.
<inserted text> 
                }
l.6 \[ w(k) = \left \{ \begin{matrix} \frac
                                           {I_0(\beta \sqrt{1 - (2k/N-1)^2})...
I've put in what seems to be necessary to fix
the current column of the current alignment.
Try to go on, since this might almost work.

! Extra }, or forgotten \endgroup.
<inserted text> }
                 
l.6 \[ w(k) = \left \{ \begin{matrix} \frac
                                           {I_0(\beta \sqrt{1 - (2k/N-1)^2})...
I've deleted a group-closing symbol because it seems to be
spurious, as in `$x}$'. But perhaps the } is legitimate and
you forgot something else, as in `\hbox{$x}'. In such cases
the way to recover is to insert both the forgotten and the
deleted material, e.g., by typing `I$}'.

! Missing } inserted.
<inserted text> 
                }
l.6 \[ w(k) = \left \{ \begin{matrix} \frac
                                           {I_0(\beta \sqrt{1 - (2k/N-1)^2})...
I've put in what seems to be necessary to fix
the current column of the current alignment.
Try to go on, since this might almost work.

! Extra }, or forgotten \endgroup.
<inserted text> }
                 
l.6 \[ w(k) = \left \{ \begin{matrix} \frac
                                           {I_0(\beta \sqrt{1 - (2k/N-1)^2})...
I've deleted a group-closing symbol because it seems to be
spurious, as in `$x}$'. But perhaps the } is legitimate and
you forgot something else, as in `\hbox{$x}'. In such cases
the way to recover is to insert both the forgotten and the
deleted material, e.g., by typing `I$}'.

! Missing } inserted.
<inserted text> 
                }
l.6 \[ w(k) = \left \{ \begin{matrix} \frac
                                           {I_0(\beta \sqrt{1 - (2k/N-1)^2})...
I've put in what seems to be necessary to fix
the current column of the current alignment.
Try to go on, since this might almost work.

! Extra }, or forgotten \endgroup.
<inserted text> }
                 
l.6 \[ w(k) = \left \{ \begin{matrix} \frac
                                           {I_0(\beta \sqrt{1 - (2k/N-1)^2})...
I've deleted a group-closing symbol because it seems to be
spurious, as in `$x}$'. But perhaps the } is legitimate and
you forgot something else, as in `\hbox{$x}'. In such cases
the way to recover is to insert both the forgotten and the
deleted material, e.g., by typing `I$}'.

! Missing } inserted.
<inserted text> 
                }
l.6 \[ w(k) = \left \{ \begin{matrix} \frac
                                           {I_0(\beta \sqrt{1 - (2k/N-1)^2})...
I've put in what seems to be necessary to fix
the current column of the current alignment.
Try to go on, since this might almost work.

! Extra }, or forgotten \endgroup.
<inserted text> }
                 
l.6 \[ w(k) = \left \{ \begin{matrix} \frac
                                           {I_0(\beta \sqrt{1 - (2k/N-1)^2})...
I've deleted a group-closing symbol because it seems to be
spurious, as in `$x}$'. But perhaps the } is legitimate and
you forgot something else, as in `\hbox{$x}'. In such cases
the way to recover is to insert both the forgotten and the
deleted material, e.g., by typing `I$}'.

! Missing } inserted.
<inserted text> 
                }
l.6 \[ w(k) = \left \{ \begin{matrix} \frac
                                           {I_0(\beta \sqrt{1 - (2k/N-1)^2})...
I've put in what seems to be necessary to fix
the current column of the current alignment.
Try to go on, since this might almost work.

! Extra }, or forgotten \endgroup.
<inserted text> }
                 
l.6 \[ w(k) = \left \{ \begin{matrix} \frac
                                           {I_0(\beta \sqrt{1 - (2k/N-1)^2})...
I've deleted a group-closing symbol because it seems to be
spurious, as in `$x}$'. But perhaps the } is legitimate and
you forgot something else, as in `\hbox{$x}'. In such cases
the way to recover is to insert both the forgotten and the
deleted material, e.g., by typing `I$}'.

! Missing } inserted.
<inserted text> 
                }
l.6 \[ w(k) = \left \{ \begin{matrix} \frac
                                           {I_0(\beta \sqrt{1 - (2k/N-1)^2})...
I've put in what seems to be necessary to fix
the current column of the current alignment.
Try to go on, since this might almost work.

! Extra }, or forgotten \endgroup.
<inserted text> }
                 
l.6 \[ w(k) = \left \{ \begin{matrix} \frac
                                           {I_0(\beta \sqrt{1 - (2k/N-1)^2})...
I've deleted a group-closing symbol because it seems to be
spurious, as in `$x}$'. But perhaps the } is legitimate and
you forgot something else, as in `\hbox{$x}'. In such cases
the way to recover is to insert both the forgotten and the
deleted material, e.g., by typing `I$}'.

! Missing } inserted.
<inserted text> 
                }
l.6 \[ w(k) = \left \{ \begin{matrix} \frac
                                           {I_0(\beta \sqrt{1 - (2k/N-1)^2})...
I've put in what seems to be necessary to fix
the current column of the current alignment.
Try to go on, since this might almost work.

! Extra }, or forgotten \endgroup.
<inserted text> }
                 
l.6 \[ w(k) = \left \{ \begin{matrix} \frac
                                           {I_0(\beta \sqrt{1 - (2k/N-1)^2})...
I've deleted a group-closing symbol because it seems to be
spurious, as in `$x}$'. But perhaps the } is legitimate and
you forgot something else, as in `\hbox{$x}'. In such cases
the way to recover is to insert both the forgotten and the
deleted material, e.g., by typing `I$}'.

! Missing } inserted.
<inserted text> 
                }
l.6 \[ w(k) = \left \{ \begin{matrix} \frac
                                           {I_0(\beta \sqrt{1 - (2k/N-1)^2})...
I've put in what seems to be necessary to fix
the current column of the current alignment.
Try to go on, since this might almost work.

! Extra }, or forgotten \endgroup.
<inserted text> }
                 
l.6 \[ w(k) = \left \{ \begin{matrix} \frac
                                           {I_0(\beta \sqrt{1 - (2k/N-1)^2})...
I've deleted a group-closing symbol because it seems to be
spurious, as in `$x}$'. But perhaps the } is legitimate and
you forgot something else, as in `\hbox{$x}'. In such cases
the way to recover is to insert both the forgotten and the
deleted material, e.g., by typing `I$}'.

! Missing } inserted.
<inserted text> 
                }
l.6 \[ w(k) = \left \{ \begin{matrix} \frac
                                           {I_0(\beta \sqrt{1 - (2k/N-1)^2})...
I've put in what seems to be necessary to fix
the current column of the current alignment.
Try to go on, since this might almost work.

! Extra }, or forgotten \endgroup.
<inserted text> }
                 
l.6 \[ w(k) = \left \{ \begin{matrix} \frac
                                           {I_0(\beta \sqrt{1 - (2k/N-1)^2})...
I've deleted a group-closing symbol because it seems to be
spurious, as in `$x}$'. But perhaps the } is legitimate and
you forgot something else, as in `\hbox{$x}'. In such cases
the way to recover is to insert both the forgotten and the
deleted material, e.g., by typing `I$}'.

! Missing } inserted.
<inserted text> 
                }
l.6 \[ w(k) = \left \{ \begin{matrix} \frac
                                           {I_0(\beta \sqrt{1 - (2k/N-1)^2})...
I've put in what seems to be necessary to fix
the current column of the current alignment.
Try to go on, since this might almost work.

! Extra }, or forgotten \endgroup.
<inserted text> }
                 
l.6 \[ w(k) = \left \{ \begin{matrix} \frac
                                           {I_0(\beta \sqrt{1 - (2k/N-1)^2})...
I've deleted a group-closing symbol because it seems to be
spurious, as in `$x}$'. But perhaps the } is legitimate and
you forgot something else, as in `\hbox{$x}'. In such cases
the way to recover is to insert both the forgotten and the
deleted material, e.g., by typing `I$}'.

! Missing } inserted.
<inserted text> 
                }
l.6 \[ w(k) = \left \{ \begin{matrix} \frac
                                           {I_0(\beta \sqrt{1 - (2k/N-1)^2})...
I've put in what seems to be necessary to fix
the current column of the current alignment.
Try to go on, since this might almost work.

! Extra }, or forgotten \endgroup.
<inserted text> }
                 
l.6 \[ w(k) = \left \{ \begin{matrix} \frac
                                           {I_0(\beta \sqrt{1 - (2k/N-1)^2})...
I've deleted a group-closing symbol because it seems to be
spurious, as in `$x}$'. But perhaps the } is legitimate and
you forgot something else, as in `\hbox{$x}'. In such cases
the way to recover is to insert both the forgotten and the
deleted material, e.g., by typing `I$}'.

! Missing } inserted.
<inserted text> 
                }
l.6 \[ w(k) = \left \{ \begin{matrix} \frac
                                           {I_0(\beta \sqrt{1 - (2k/N-1)^2})...
I've put in what seems to be necessary to fix
the current column of the current alignment.
Try to go on, since this might almost work.

! Extra }, or forgotten \endgroup.
<inserted text> }
                 
l.6 \[ w(k) = \left \{ \begin{matrix} \frac
                                           {I_0(\beta \sqrt{1 - (2k/N-1)^2})...
I've deleted a group-closing symbol because it seems to be
spurious, as in `$x}$'. But perhaps the } is legitimate and
you forgot something else, as in `\hbox{$x}'. In such cases
the way to recover is to insert both the forgotten and the
deleted material, e.g., by typing `I$}'.

! Missing } inserted.
<inserted text> 
                }
l.6 \[ w(k) = \left \{ \begin{matrix} \frac
                                           {I_0(\beta \sqrt{1 - (2k/N-1)^2})...
I've put in what seems to be necessary to fix
the current column of the current alignment.
Try to go on, since this might almost work.

! Extra }, or forgotten \endgroup.
<inserted text> }
                 
l.6 \[ w(k) = \left \{ \begin{matrix} \frac
                                           {I_0(\beta \sqrt{1 - (2k/N-1)^2})...
I've deleted a group-closing symbol because it seems to be
spurious, as in `$x}$'. But perhaps the } is legitimate and
you forgot something else, as in `\hbox{$x}'. In such cases
the way to recover is to insert both the forgotten and the
deleted material, e.g., by typing `I$}'.

! Missing } inserted.
<inserted text> 
                }
l.6 \[ w(k) = \left \{ \begin{matrix} \frac
                                           {I_0(\beta \sqrt{1 - (2k/N-1)^2})...
I've put in what seems to be necessary to fix
the current column of the current alignment.
Try to go on, since this might almost work.

! Extra }, or forgotten \endgroup.
<inserted text> }
                 
l.6 \[ w(k) = \left \{ \begin{matrix} \frac
                                           {I_0(\beta \sqrt{1 - (2k/N-1)^2})...
I've deleted a group-closing symbol because it seems to be
spurious, as in `$x}$'. But perhaps the } is legitimate and
you forgot something else, as in `\hbox{$x}'. In such cases
the way to recover is to insert both the forgotten and the
deleted material, e.g., by typing `I$}'.

! Missing } inserted.
<inserted text> 
                }
l.6 \[ w(k) = \left \{ \begin{matrix} \frac
                                           {I_0(\beta \sqrt{1 - (2k/N-1)^2})...
I've put in what seems to be necessary to fix
the current column of the current alignment.
Try to go on, since this might almost work.

! Extra }, or forgotten \endgroup.
<inserted text> }
                 
l.6 \[ w(k) = \left \{ \begin{matrix} \frac
                                           {I_0(\beta \sqrt{1 - (2k/N-1)^2})...
I've deleted a group-closing symbol because it seems to be
spurious, as in `$x}$'. But perhaps the } is legitimate and
you forgot something else, as in `\hbox{$x}'. In such cases
the way to recover is to insert both the forgotten and the
deleted material, e.g., by typing `I$}'.

! Missing } inserted.
<inserted text> 
                }
l.6 \[ w(k) = \left \{ \begin{matrix} \frac
                                           {I_0(\beta \sqrt{1 - (2k/N-1)^2})...
I've put in what seems to be necessary to fix
the current column of the current alignment.
Try to go on, since this might almost work.

! Extra }, or forgotten \endgroup.
<inserted text> }
                 
l.6 \[ w(k) = \left \{ \begin{matrix} \frac
                                           {I_0(\beta \sqrt{1 - (2k/N-1)^2})...
I've deleted a group-closing symbol because it seems to be
spurious, as in `$x}$'. But perhaps the } is legitimate and
you forgot something else, as in `\hbox{$x}'. In such cases
the way to recover is to insert both the forgotten and the
deleted material, e.g., by typing `I$}'.

! Missing } inserted.
<inserted text> 
                }
l.6 \[ w(k) = \left \{ \begin{matrix} \frac
                                           {I_0(\beta \sqrt{1 - (2k/N-1)^2})...
I've put in what seems to be necessary to fix
the current column of the current alignment.
Try to go on, since this might almost work.

! Extra }, or forgotten \endgroup.
<inserted text> }
                 
l.6 \[ w(k) = \left \{ \begin{matrix} \frac
                                           {I_0(\beta \sqrt{1 - (2k/N-1)^2})...
I've deleted a group-closing symbol because it seems to be
spurious, as in `$x}$'. But perhaps the } is legitimate and
you forgot something else, as in `\hbox{$x}'. In such cases
the way to recover is to insert both the forgotten and the
deleted material, e.g., by typing `I$}'.

! Missing } inserted.
<inserted text> 
                }
l.6 \[ w(k) = \left \{ \begin{matrix} \frac
                                           {I_0(\beta \sqrt{1 - (2k/N-1)^2})...
I've put in what seems to be necessary to fix
the current column of the current alignment.
Try to go on, since this might almost work.

! Extra }, or forgotten \endgroup.
<inserted text> }
                 
l.6 \[ w(k) = \left \{ \begin{matrix} \frac
                                           {I_0(\beta \sqrt{1 - (2k/N-1)^2})...
I've deleted a group-closing symbol because it seems to be
spurious, as in `$x}$'. But perhaps the } is legitimate and
you forgot something else, as in `\hbox{$x}'. In such cases
the way to recover is to insert both the forgotten and the
deleted material, e.g., by typing `I$}'.

! Missing } inserted.
<inserted text> 
                }
l.6 \[ w(k) = \left \{ \begin{matrix} \frac
                                           {I_0(\beta \sqrt{1 - (2k/N-1)^2})...
I've put in what seems to be necessary to fix
the current column of the current alignment.
Try to go on, since this might almost work.

! Extra }, or forgotten \endgroup.
<inserted text> }
                 
l.6 \[ w(k) = \left \{ \begin{matrix} \frac
                                           {I_0(\beta \sqrt{1 - (2k/N-1)^2})...
I've deleted a group-closing symbol because it seems to be
spurious, as in `$x}$'. But perhaps the } is legitimate and
you forgot something else, as in `\hbox{$x}'. In such cases
the way to recover is to insert both the forgotten and the
deleted material, e.g., by typing `I$}'.

! Missing } inserted.
<inserted text> 
                }
l.6 \[ w(k) = \left \{ \begin{matrix} \frac
                                           {I_0(\beta \sqrt{1 - (2k/N-1)^2})...
I've put in what seems to be necessary to fix
the current column of the current alignment.
Try to go on, since this might almost work.

! Extra }, or forgotten \endgroup.
<inserted text> }
                 
l.6 \[ w(k) = \left \{ \begin{matrix} \frac
                                           {I_0(\beta \sqrt{1 - (2k/N-1)^2})...
I've deleted a group-closing symbol because it seems to be
spurious, as in `$x}$'. But perhaps the } is legitimate and
you forgot something else, as in `\hbox{$x}'. In such cases
the way to recover is to insert both the forgotten and the
deleted material, e.g., by typing `I$}'.

! Missing } inserted.
<inserted text> 
                }
l.6 \[ w(k) = \left \{ \begin{matrix} \frac
                                           {I_0(\beta \sqrt{1 - (2k/N-1)^2})...
I've put in what seems to be necessary to fix
the current column of the current alignment.
Try to go on, since this might almost work.

! Extra }, or forgotten \endgroup.
<inserted text> }
                 
l.6 \[ w(k) = \left \{ \begin{matrix} \frac
                                           {I_0(\beta \sqrt{1 - (2k/N-1)^2})...
I've deleted a group-closing symbol because it seems to be
spurious, as in `$x}$'. But perhaps the } is legitimate and
you forgot something else, as in `\hbox{$x}'. In such cases
the way to recover is to insert both the forgotten and the
deleted material, e.g., by typing `I$}'.

! Missing } inserted.
<inserted text> 
                }
l.6 \[ w(k) = \left \{ \begin{matrix} \frac
                                           {I_0(\beta \sqrt{1 - (2k/N-1)^2})...
I've put in what seems to be necessary to fix
the current column of the current alignment.
Try to go on, since this might almost work.

! Extra }, or forgotten \endgroup.
<inserted text> }
                 
l.6 \[ w(k) = \left \{ \begin{matrix} \frac
                                           {I_0(\beta \sqrt{1 - (2k/N-1)^2})...
I've deleted a group-closing symbol because it seems to be
spurious, as in `$x}$'. But perhaps the } is legitimate and
you forgot something else, as in `\hbox{$x}'. In such cases
the way to recover is to insert both the forgotten and the
deleted material, e.g., by typing `I$}'.

! Missing } inserted.
<inserted text> 
                }
l.6 \[ w(k) = \left \{ \begin{matrix} \frac
                                           {I_0(\beta \sqrt{1 - (2k/N-1)^2})...
I've put in what seems to be necessary to fix
the current column of the current alignment.
Try to go on, since this might almost work.

! Extra }, or forgotten \endgroup.
<inserted text> }
                 
l.6 \[ w(k) = \left \{ \begin{matrix} \frac
                                           {I_0(\beta \sqrt{1 - (2k/N-1)^2})...
I've deleted a group-closing symbol because it seems to be
spurious, as in `$x}$'. But perhaps the } is legitimate and
you forgot something else, as in `\hbox{$x}'. In such cases
the way to recover is to insert both the forgotten and the
deleted material, e.g., by typing `I$}'.

! Missing } inserted.
<inserted text> 
                }
l.6 \[ w(k) = \left \{ \begin{matrix} \frac
                                           {I_0(\beta \sqrt{1 - (2k/N-1)^2})...
I've put in what seems to be necessary to fix
the current column of the current alignment.
Try to go on, since this might almost work.

! Extra }, or forgotten \endgroup.
<inserted text> }
                 
l.6 \[ w(k) = \left \{ \begin{matrix} \frac
                                           {I_0(\beta \sqrt{1 - (2k/N-1)^2})...
I've deleted a group-closing symbol because it seems to be
spurious, as in `$x}$'. But perhaps the } is legitimate and
you forgot something else, as in `\hbox{$x}'. In such cases
the way to recover is to insert both the forgotten and the
deleted material, e.g., by typing `I$}'.

! Missing } inserted.
<inserted text> 
                }
l.6 \[ w(k) = \left \{ \begin{matrix} \frac
                                           {I_0(\beta \sqrt{1 - (2k/N-1)^2})...
I've put in what seems to be necessary to fix
the current column of the current alignment.
Try to go on, since this might almost work.

! Extra }, or forgotten \endgroup.
<inserted text> }
                 
l.6 \[ w(k) = \left \{ \begin{matrix} \frac
                                           {I_0(\beta \sqrt{1 - (2k/N-1)^2})...
I've deleted a group-closing symbol because it seems to be
spurious, as in `$x}$'. But perhaps the } is legitimate and
you forgot something else, as in `\hbox{$x}'. In such cases
the way to recover is to insert both the forgotten and the
deleted material, e.g., by typing `I$}'.

! Missing } inserted.
<inserted text> 
                }
l.6 \[ w(k) = \left \{ \begin{matrix} \frac
                                           {I_0(\beta \sqrt{1 - (2k/N-1)^2})...
I've put in what seems to be necessary to fix
the current column of the current alignment.
Try to go on, since this might almost work.

! Extra }, or forgotten \endgroup.
<inserted text> }
                 
l.6 \[ w(k) = \left \{ \begin{matrix} \frac
                                           {I_0(\beta \sqrt{1 - (2k/N-1)^2})...
I've deleted a group-closing symbol because it seems to be
spurious, as in `$x}$'. But perhaps the } is legitimate and
you forgot something else, as in `\hbox{$x}'. In such cases
the way to recover is to insert both the forgotten and the
deleted material, e.g., by typing `I$}'.

! Missing } inserted.
<inserted text> 
                }
l.6 \[ w(k) = \left \{ \begin{matrix} \frac
                                           {I_0(\beta \sqrt{1 - (2k/N-1)^2})...
I've put in what seems to be necessary to fix
the current column of the current alignment.
Try to go on, since this might almost work.

! Extra }, or forgotten \endgroup.
<inserted text> }
                 
l.6 \[ w(k) = \left \{ \begin{matrix} \frac
                                           {I_0(\beta \sqrt{1 - (2k/N-1)^2})...
I've deleted a group-closing symbol because it seems to be
spurious, as in `$x}$'. But perhaps the } is legitimate and
you forgot something else, as in `\hbox{$x}'. In such cases
the way to recover is to insert both the forgotten and the
deleted material, e.g., by typing `I$}'.

! Missing } inserted.
<inserted text> 
                }
l.6 \[ w(k) = \left \{ \begin{matrix} \frac
                                           {I_0(\beta \sqrt{1 - (2k/N-1)^2})...
I've put in what seems to be necessary to fix
the current column of the current alignment.
Try to go on, since this might almost work.

! Extra }, or forgotten \endgroup.
<inserted text> }
                 
l.6 \[ w(k) = \left \{ \begin{matrix} \frac
                                           {I_0(\beta \sqrt{1 - (2k/N-1)^2})...
I've deleted a group-closing symbol because it seems to be
spurious, as in `$x}$'. But perhaps the } is legitimate and
you forgot something else, as in `\hbox{$x}'. In such cases
the way to recover is to insert both the forgotten and the
deleted material, e.g., by typing `I$}'.

! Missing } inserted.
<inserted text> 
                }
l.6 \[ w(k) = \left \{ \begin{matrix} \frac
                                           {I_0(\beta \sqrt{1 - (2k/N-1)^2})...
I've put in what seems to be necessary to fix
the current column of the current alignment.
Try to go on, since this might almost work.

! Extra }, or forgotten \endgroup.
<inserted text> }
                 
l.6 \[ w(k) = \left \{ \begin{matrix} \frac
                                           {I_0(\beta \sqrt{1 - (2k/N-1)^2})...
I've deleted a group-closing symbol because it seems to be
spurious, as in `$x}$'. But perhaps the } is legitimate and
you forgot something else, as in `\hbox{$x}'. In such cases
the way to recover is to insert both the forgotten and the
deleted material, e.g., by typing `I$}'.

! Missing } inserted.
<inserted text> 
                }
l.6 \[ w(k) = \left \{ \begin{matrix} \frac
                                           {I_0(\beta \sqrt{1 - (2k/N-1)^2})...
I've put in what seems to be necessary to fix
the current column of the current alignment.
Try to go on, since this might almost work.

! Extra }, or forgotten \endgroup.
<inserted text> }
                 
l.6 \[ w(k) = \left \{ \begin{matrix} \frac
                                           {I_0(\beta \sqrt{1 - (2k/N-1)^2})...
I've deleted a group-closing symbol because it seems to be
spurious, as in `$x}$'. But perhaps the } is legitimate and
you forgot something else, as in `\hbox{$x}'. In such cases
the way to recover is to insert both the forgotten and the
deleted material, e.g., by typing `I$}'.

! Missing } inserted.
<inserted text> 
                }
l.6 \[ w(k) = \left \{ \begin{matrix} \frac
                                           {I_0(\beta \sqrt{1 - (2k/N-1)^2})...
I've put in what seems to be necessary to fix
the current column of the current alignment.
Try to go on, since this might almost work.

! Extra }, or forgotten \endgroup.
<inserted text> }
                 
l.6 \[ w(k) = \left \{ \begin{matrix} \frac
                                           {I_0(\beta \sqrt{1 - (2k/N-1)^2})...
I've deleted a group-closing symbol because it seems to be
spurious, as in `$x}$'. But perhaps the } is legitimate and
you forgot something else, as in `\hbox{$x}'. In such cases
the way to recover is to insert both the forgotten and the
deleted material, e.g., by typing `I$}'.

! Missing } inserted.
<inserted text> 
                }
l.6 \[ w(k) = \left \{ \begin{matrix} \frac
                                           {I_0(\beta \sqrt{1 - (2k/N-1)^2})...
I've put in what seems to be necessary to fix
the current column of the current alignment.
Try to go on, since this might almost work.

! Extra }, or forgotten \endgroup.
<inserted text> }
                 
l.6 \[ w(k) = \left \{ \begin{matrix} \frac
                                           {I_0(\beta \sqrt{1 - (2k/N-1)^2})...
I've deleted a group-closing symbol because it seems to be
spurious, as in `$x}$'. But perhaps the } is legitimate and
you forgot something else, as in `\hbox{$x}'. In such cases
the way to recover is to insert both the forgotten and the
deleted material, e.g., by typing `I$}'.

! Missing } inserted.
<inserted text> 
                }
l.6 \[ w(k) = \left \{ \begin{matrix} \frac
                                           {I_0(\beta \sqrt{1 - (2k/N-1)^2})...
I've put in what seems to be necessary to fix
the current column of the current alignment.
Try to go on, since this might almost work.

! Extra }, or forgotten \endgroup.
<inserted text> }
                 
l.6 \[ w(k) = \left \{ \begin{matrix} \frac
                                           {I_0(\beta \sqrt{1 - (2k/N-1)^2})...
I've deleted a group-closing symbol because it seems to be
spurious, as in `$x}$'. But perhaps the } is legitimate and
you forgot something else, as in `\hbox{$x}'. In such cases
the way to recover is to insert both the forgotten and the
deleted material, e.g., by typing `I$}'.

! Missing } inserted.
<inserted text> 
                }
l.6 \[ w(k) = \left \{ \begin{matrix} \frac
                                           {I_0(\beta \sqrt{1 - (2k/N-1)^2})...
I've put in what seems to be necessary to fix
the current column of the current alignment.
Try to go on, since this might almost work.

! Extra }, or forgotten \endgroup.
<inserted text> }
                 
l.6 \[ w(k) = \left \{ \begin{matrix} \frac
                                           {I_0(\beta \sqrt{1 - (2k/N-1)^2})...
I've deleted a group-closing symbol because it seems to be
spurious, as in `$x}$'. But perhaps the } is legitimate and
you forgot something else, as in `\hbox{$x}'. In such cases
the way to recover is to insert both the forgotten and the
deleted material, e.g., by typing `I$}'.

! Missing } inserted.
<inserted text> 
                }
l.6 \[ w(k) = \left \{ \begin{matrix} \frac
                                           {I_0(\beta \sqrt{1 - (2k/N-1)^2})...
I've put in what seems to be necessary to fix
the current column of the current alignment.
Try to go on, since this might almost work.

! Extra }, or forgotten \endgroup.
<inserted text> }
                 
l.6 \[ w(k) = \left \{ \begin{matrix} \frac
                                           {I_0(\beta \sqrt{1 - (2k/N-1)^2})...
I've deleted a group-closing symbol because it seems to be
spurious, as in `$x}$'. But perhaps the } is legitimate and
you forgot something else, as in `\hbox{$x}'. In such cases
the way to recover is to insert both the forgotten and the
deleted material, e.g., by typing `I$}'.

! Missing } inserted.
<inserted text> 
                }
l.6 \[ w(k) = \left \{ \begin{matrix} \frac
                                           {I_0(\beta \sqrt{1 - (2k/N-1)^2})...
I've put in what seems to be necessary to fix
the current column of the current alignment.
Try to go on, since this might almost work.

! Extra }, or forgotten \endgroup.
<inserted text> }
                 
l.6 \[ w(k) = \left \{ \begin{matrix} \frac
                                           {I_0(\beta \sqrt{1 - (2k/N-1)^2})...
I've deleted a group-closing symbol because it seems to be
spurious, as in `$x}$'. But perhaps the } is legitimate and
you forgot something else, as in `\hbox{$x}'. In such cases
the way to recover is to insert both the forgotten and the
deleted material, e.g., by typing `I$}'.

! Missing } inserted.
<inserted text> 
                }
l.6 \[ w(k) = \left \{ \begin{matrix} \frac
                                           {I_0(\beta \sqrt{1 - (2k/N-1)^2})...
I've put in what seems to be necessary to fix
the current column of the current alignment.
Try to go on, since this might almost work.

! Extra }, or forgotten \endgroup.
<inserted text> }
                 
l.6 \[ w(k) = \left \{ \begin{matrix} \frac
                                           {I_0(\beta \sqrt{1 - (2k/N-1)^2})...
(That makes 100 errors; please try again.) 
Here is how much of TeX's memory you used:
 539 strings out of 495029
 6407 string characters out of 1181253
 52504 words of memory out of 3000000
 3792 multiletter control sequences out of 15000+50000
 3640 words of font info for 14 fonts, out of 3000000 for 9000
 28 hyphenation exceptions out of 8191
 32i,10n,21p,218b,59s stack positions out of 5000i,500n,10000p,200000b,50000s

No pages of output.
